<?xml version="1.0" encoding="UTF-8"?>
<testng-results ignored="0" total="1" passed="1" failed="0" skipped="0">
  <reporter-output>
  </reporter-output>
  <suite started-at="2021-11-09T21:02:36 EET" name="Default suite" finished-at="2021-11-09T21:02:42 EET" duration-ms="5466">
    <groups>
    </groups>
    <test started-at="2021-11-09T21:02:36 EET" name="Default test" finished-at="2021-11-09T21:02:42 EET" duration-ms="5466">
      <class name="RestAssuredTask.DeleteCourse">
        <test-method signature="DeleteCourseTestCase()[pri:0, instance:RestAssuredTask.DeleteCourse@7a419da4]" started-at="2021-11-09T21:02:36 EET" name="DeleteCourseTestCase" finished-at="2021-11-09T21:02:42 EET" duration-ms="5324" status="PASS">
          <reporter-output>
          </reporter-output>
        </test-method> <!-- DeleteCourseTestCase -->
      </class> <!-- RestAssuredTask.DeleteCourse -->
    </test> <!-- Default test -->
  </suite> <!-- Default suite -->
</testng-results>
